<?xml version="1.0" encoding="UTF-8"?>
<!-- Generated by org.testng.reporters.JUnitReportReporter -->
<testsuite skipped="0" hostname="DESKTOP-ESDH7VH" name="com.TestNGFramework.trial.ParameterTest" tests="1" failures="0" timestamp="16 Mar 2020 13:55:11 GMT" time="67.747" errors="0">
  <testcase name="yahooLoginTest" time="67.747" classname="com.TestNGFramework.trial.ParameterTest"/>
</testsuite> <!-- com.TestNGFramework.trial.ParameterTest -->
