<?xml version="1.0" encoding="UTF-8"?>
<!-- Generated by org.testng.reporters.JUnitReportReporter -->
<testsuite skipped="0" hostname="DESKTOP-ESDH7VH" name="com.TestNGFramework.trial.TestNGBasics" tests="1" failures="0" timestamp="16 Mar 2020 01:51:43 GMT" time="0.020" errors="0">
  <testcase name="googleTitleTest" time="0.020" classname="com.TestNGFramework.trial.TestNGBasics"/>
</testsuite> <!-- com.TestNGFramework.trial.TestNGBasics -->
